<?xml version="1.0" encoding="UTF-8"?>
<!-- Generated by org.testng.reporters.JUnitReportReporter -->
<testsuite hostname="DESKTOP-BQJ0HP0" failures="0" tests="1" name="practicetest.whiteB" time="2.338" errors="0" timestamp="2022-02-01T22:29:45 IST" skipped="0">
  <testcase classname="practicetest.whiteB" name="projectUnitTest" time="2.338"/>
  <system-out/>
</testsuite> <!-- practicetest.whiteB -->
