<?xml version="1.0" encoding="UTF-8"?>
<!-- Generated by org.testng.reporters.JUnitReportReporter -->
<testsuite hostname="DESKTOP-BQJ0HP0" failures="0" tests="9" name="practice.dataProvaderFromExcelSheet" time="0.117" errors="0" timestamp="2022-01-20T22:49:30 IST" skipped="0">
  <testcase classname="practice.dataProvaderFromExcelSheet" name="addToCartAndBill" time="0.025"/>
  <system-out/>
  <testcase classname="practice.dataProvaderFromExcelSheet" name="addToCartAndBill" time="0.015"/>
  <system-out/>
  <testcase classname="practice.dataProvaderFromExcelSheet" name="addToCartAndBill" time="0.005"/>
  <system-out/>
  <testcase classname="practice.dataProvaderFromExcelSheet" name="addToCartAndBill" time="0.010"/>
  <system-out/>
  <testcase classname="practice.dataProvaderFromExcelSheet" name="addToCartAndBill" time="0.006"/>
  <system-out/>
  <testcase classname="practice.dataProvaderFromExcelSheet" name="addToCartAndBill" time="0.019"/>
  <system-out/>
  <testcase classname="practice.dataProvaderFromExcelSheet" name="addToCartAndBill" time="0.018"/>
  <system-out/>
  <testcase classname="practice.dataProvaderFromExcelSheet" name="addToCartAndBill" time="0.012"/>
  <system-out/>
  <testcase classname="practice.dataProvaderFromExcelSheet" name="addToCartAndBill" time="0.007"/>
  <system-out/>
</testsuite> <!-- practice.dataProvaderFromExcelSheet -->
