<?xml version="1.0" encoding="UTF-8"?>
<!-- Generated by org.testng.reporters.JUnitReportReporter -->
<testsuite hostname="DESKTOP-BQJ0HP0" failures="0" tests="4" name="practice.dataProvider3DArray" time="0.032" errors="0" timestamp="2022-01-20T22:26:50 IST" skipped="0">
  <testcase classname="practice.dataProvider3DArray" name="bookTicket" time="0.014"/>
  <system-out/>
  <testcase classname="practice.dataProvider3DArray" name="bookTicket" time="0.007"/>
  <system-out/>
  <testcase classname="practice.dataProvider3DArray" name="bookTicket" time="0.006"/>
  <system-out/>
  <testcase classname="practice.dataProvider3DArray" name="bookTicket" time="0.005"/>
  <system-out/>
</testsuite> <!-- practice.dataProvider3DArray -->
