<?xml version="1.0" encoding="UTF-8"?>
<!-- Generated by org.testng.reporters.JUnitReportReporter -->
<testsuite hostname="DESKTOP-BQJ0HP0" failures="0" tests="9" name="practicetest.dataProvaderFromExcelSheet" time="0.149" errors="0" timestamp="2022-02-01T22:29:45 IST" skipped="0">
  <testcase classname="practicetest.dataProvaderFromExcelSheet" name="addToCartAndBill" time="0.016"/>
  <system-out/>
  <testcase classname="practicetest.dataProvaderFromExcelSheet" name="addToCartAndBill" time="0.031"/>
  <system-out/>
  <testcase classname="practicetest.dataProvaderFromExcelSheet" name="addToCartAndBill" time="0.016"/>
  <system-out/>
  <testcase classname="practicetest.dataProvaderFromExcelSheet" name="addToCartAndBill" time="0.013"/>
  <system-out/>
  <testcase classname="practicetest.dataProvaderFromExcelSheet" name="addToCartAndBill" time="0.012"/>
  <system-out/>
  <testcase classname="practicetest.dataProvaderFromExcelSheet" name="addToCartAndBill" time="0.017"/>
  <system-out/>
  <testcase classname="practicetest.dataProvaderFromExcelSheet" name="addToCartAndBill" time="0.019"/>
  <system-out/>
  <testcase classname="practicetest.dataProvaderFromExcelSheet" name="addToCartAndBill" time="0.017"/>
  <system-out/>
  <testcase classname="practicetest.dataProvaderFromExcelSheet" name="addToCartAndBill" time="0.008"/>
  <system-out/>
</testsuite> <!-- practicetest.dataProvaderFromExcelSheet -->
