<?xml version="1.0" encoding="UTF-8"?>
<!-- Generated by org.testng.reporters.JUnitReportReporter -->
<testsuite hostname="DESKTOP-BQJ0HP0" failures="0" tests="5" name="practice.dataProvader2Darray" time="0.043" errors="0" timestamp="2022-01-20T21:29:29 IST" skipped="0">
  <testcase classname="practice.dataProvader2Darray" name="bookTicket" time="0.018"/>
  <system-out/>
  <testcase classname="practice.dataProvader2Darray" name="bookTicket" time="0.008"/>
  <system-out/>
  <testcase classname="practice.dataProvader2Darray" name="bookTicket" time="0.005"/>
  <system-out/>
  <testcase classname="practice.dataProvader2Darray" name="bookTicket" time="0.005"/>
  <system-out/>
  <testcase classname="practice.dataProvader2Darray" name="bookTicket" time="0.007"/>
  <system-out/>
</testsuite> <!-- practice.dataProvader2Darray -->
