<?xml version="1.0" encoding="UTF-8"?>
<!-- Generated by org.testng.reporters.JUnitReportReporter -->
<testsuite hostname="DESKTOP-BQJ0HP0" failures="0" tests="1" name="com.crm.comcast.orgTest.test_tc_25" time="32.659" errors="0" timestamp="2022-02-01T16:32:15 IST" skipped="0">
  <testcase classname="com.crm.comcast.orgTest.test_tc_25" name="moduleTest" time="32.659"/>
  <system-out/>
</testsuite> <!-- com.crm.comcast.orgTest.test_tc_25 -->
