<?xml version="1.0" encoding="UTF-8"?>
<!-- Generated by org.testng.reporters.JUnitReportReporter -->
<testsuite hostname="DESKTOP-BQJ0HP0" failures="0" tests="5" name="practicetest.dataProvader2Darray" time="0.056" errors="0" timestamp="2022-02-01T22:29:45 IST" skipped="0">
  <testcase classname="practicetest.dataProvader2Darray" name="bookTicket" time="0.036"/>
  <system-out/>
  <testcase classname="practicetest.dataProvader2Darray" name="bookTicket" time="0.004"/>
  <system-out/>
  <testcase classname="practicetest.dataProvader2Darray" name="bookTicket" time="0.004"/>
  <system-out/>
  <testcase classname="practicetest.dataProvader2Darray" name="bookTicket" time="0.004"/>
  <system-out/>
  <testcase classname="practicetest.dataProvader2Darray" name="bookTicket" time="0.008"/>
  <system-out/>
</testsuite> <!-- practicetest.dataProvader2Darray -->
