<?xml version="1.0" encoding="UTF-8"?>
<!-- Generated by org.testng.reporters.JUnitReportReporter -->
<testsuite hostname="DESKTOP-BQJ0HP0" failures="0" tests="1" name="com.crm.comcast.orgTest.test_001" time="54.785" errors="0" timestamp="2022-02-01T16:07:02 IST" skipped="0">
  <testcase classname="com.crm.comcast.orgTest.test_001" name="crtOrgModule" time="54.785"/>
  <system-out/>
</testsuite> <!-- com.crm.comcast.orgTest.test_001 -->
