<?xml version="1.0" encoding="UTF-8"?>
<!-- Generated by org.testng.reporters.JUnitReportReporter -->
<testsuite hostname="DESKTOP-BQJ0HP0" failures="0" tests="4" name="practicetest.dataProvider3DArray" time="0.067" errors="0" timestamp="2022-02-01T22:29:45 IST" skipped="0">
  <testcase classname="practicetest.dataProvider3DArray" name="bookTicket" time="0.005"/>
  <system-out/>
  <testcase classname="practicetest.dataProvider3DArray" name="bookTicket" time="0.026"/>
  <system-out/>
  <testcase classname="practicetest.dataProvider3DArray" name="bookTicket" time="0.030"/>
  <system-out/>
  <testcase classname="practicetest.dataProvider3DArray" name="bookTicket" time="0.006"/>
  <system-out/>
</testsuite> <!-- practicetest.dataProvider3DArray -->
