<?xml version="1.0" encoding="UTF-8"?>
<!-- Generated by org.testng.reporters.JUnitReportReporter -->
<testsuite hostname="DESKTOP-BQJ0HP0" failures="0" tests="1" name="com.crm.comcast.orgTest.tc_25Test" time="61.778" errors="0" timestamp="2022-02-01T23:26:59 IST" skipped="0">
  <testcase classname="com.crm.comcast.orgTest.tc_25Test" name="moduleTest" time="61.778"/>
  <system-out/>
</testsuite> <!-- com.crm.comcast.orgTest.tc_25Test -->
