<?xml version="1.0" encoding="UTF-8"?>
<!-- Generated by org.testng.reporters.JUnitReportReporter -->
<testsuite hostname="DESKTOP-BQJ0HP0" failures="0" tests="1" name="com.crm.comcast.orgTest.tc_001Test" time="128.873" errors="0" timestamp="2022-02-01T23:26:59 IST" skipped="0">
  <testcase classname="com.crm.comcast.orgTest.tc_001Test" name="crtOrgModule" time="128.873"/>
  <system-out/>
</testsuite> <!-- com.crm.comcast.orgTest.tc_001Test -->
