<?xml version="1.0" encoding="UTF-8"?>
<!-- Generated by org.testng.reporters.JUnitReportReporter -->
<testsuite hostname="DESKTOP-BQJ0HP0" failures="0" tests="1" name="practice.whiteB" time="1.350" errors="0" timestamp="2022-01-20T01:15:29 IST" skipped="0">
  <testcase classname="practice.whiteB" name="projectUnitTest" time="1.350"/>
  <system-out/>
</testsuite> <!-- practice.whiteB -->
